{"total": {"lines":{"total":47,"covered":30,"skipped":0,"pct":63.82},"statements":{"total":48,"covered":31,"skipped":0,"pct":64.58},"functions":{"total":22,"covered":12,"skipped":0,"pct":54.54},"branches":{"total":100,"covered":44,"skipped":0,"pct":44},"branchesTrue":{"total":0,"covered":0,"skipped":0,"pct":100}}
,"/home/oshki/Projects/restorio-fullstack/app/packages/mobile/src/MobileRuntimeRenderer.tsx": {"lines":{"total":13,"covered":9,"skipped":0,"pct":69.23},"functions":{"total":1,"covered":1,"skipped":0,"pct":100},"statements":{"total":13,"covered":9,"skipped":0,"pct":69.23},"branches":{"total":9,"covered":6,"skipped":0,"pct":66.66}}
,"/home/oshki/Projects/restorio-fullstack/app/packages/mobile/src/index.ts": {"lines":{"total":0,"covered":0,"skipped":0,"pct":100},"functions":{"total":0,"covered":0,"skipped":0,"pct":100},"statements":{"total":0,"covered":0,"skipped":0,"pct":100},"branches":{"total":0,"covered":0,"skipped":0,"pct":100}}
,"/home/oshki/Projects/restorio-fullstack/app/packages/mobile/src/view-models.ts": {"lines":{"total":0,"covered":0,"skipped":0,"pct":100},"functions":{"total":0,"covered":0,"skipped":0,"pct":100},"statements":{"total":0,"covered":0,"skipped":0,"pct":100},"branches":{"total":0,"covered":0,"skipped":0,"pct":100}}
,"/home/oshki/Projects/restorio-fullstack/app/packages/mobile/src/navigation/MobileBottomNavigation.tsx": {"lines":{"total":4,"covered":4,"skipped":0,"pct":100},"functions":{"total":3,"covered":3,"skipped":0,"pct":100},"statements":{"total":4,"covered":4,"skipped":0,"pct":100},"branches":{"total":13,"covered":12,"skipped":0,"pct":92.3}}
,"/home/oshki/Projects/restorio-fullstack/app/packages/mobile/src/navigation/index.ts": {"lines":{"total":0,"covered":0,"skipped":0,"pct":100},"functions":{"total":0,"covered":0,"skipped":0,"pct":100},"statements":{"total":0,"covered":0,"skipped":0,"pct":100},"branches":{"total":0,"covered":0,"skipped":0,"pct":100}}
,"/home/oshki/Projects/restorio-fullstack/app/packages/mobile/src/screens/MobileLandingScreen.tsx": {"lines":{"total":2,"covered":2,"skipped":0,"pct":100},"functions":{"total":1,"covered":1,"skipped":0,"pct":100},"statements":{"total":2,"covered":2,"skipped":0,"pct":100},"branches":{"total":1,"covered":1,"skipped":0,"pct":100}}
,"/home/oshki/Projects/restorio-fullstack/app/packages/mobile/src/screens/MobileMenuScreen.tsx": {"lines":{"total":9,"covered":7,"skipped":0,"pct":77.77},"functions":{"total":7,"covered":5,"skipped":0,"pct":71.42},"statements":{"total":9,"covered":7,"skipped":0,"pct":77.77},"branches":{"total":29,"covered":16,"skipped":0,"pct":55.17}}
,"/home/oshki/Projects/restorio-fullstack/app/packages/mobile/src/screens/MobileOrderScreen.tsx": {"lines":{"total":5,"covered":1,"skipped":0,"pct":20},"functions":{"total":2,"covered":0,"skipped":0,"pct":0},"statements":{"total":5,"covered":1,"skipped":0,"pct":20},"branches":{"total":20,"covered":0,"skipped":0,"pct":0}}
,"/home/oshki/Projects/restorio-fullstack/app/packages/mobile/src/screens/MobileTablesScreen.tsx": {"lines":{"total":8,"covered":1,"skipped":0,"pct":12.5},"functions":{"total":6,"covered":0,"skipped":0,"pct":0},"statements":{"total":8,"covered":1,"skipped":0,"pct":12.5},"branches":{"total":15,"covered":0,"skipped":0,"pct":0}}
,"/home/oshki/Projects/restorio-fullstack/app/packages/mobile/src/screens/index.ts": {"lines":{"total":0,"covered":0,"skipped":0,"pct":100},"functions":{"total":0,"covered":0,"skipped":0,"pct":100},"statements":{"total":0,"covered":0,"skipped":0,"pct":100},"branches":{"total":0,"covered":0,"skipped":0,"pct":100}}
,"/home/oshki/Projects/restorio-fullstack/app/packages/mobile/src/shell/MobileAppShell.tsx": {"lines":{"total":6,"covered":6,"skipped":0,"pct":100},"functions":{"total":2,"covered":2,"skipped":0,"pct":100},"statements":{"total":7,"covered":7,"skipped":0,"pct":100},"branches":{"total":13,"covered":9,"skipped":0,"pct":69.23}}
,"/home/oshki/Projects/restorio-fullstack/app/packages/mobile/src/shell/index.ts": {"lines":{"total":0,"covered":0,"skipped":0,"pct":100},"functions":{"total":0,"covered":0,"skipped":0,"pct":100},"statements":{"total":0,"covered":0,"skipped":0,"pct":100},"branches":{"total":0,"covered":0,"skipped":0,"pct":100}}
}
