{"total": {"lines":{"total":143,"covered":10,"skipped":0,"pct":6.99},"statements":{"total":143,"covered":10,"skipped":0,"pct":6.99},"functions":{"total":87,"covered":7,"skipped":0,"pct":8.04},"branches":{"total":14,"covered":0,"skipped":0,"pct":0},"branchesTrue":{"total":0,"covered":0,"skipped":0,"pct":"Unknown"}}
,"/home/oshki/Projects/restorio-fullstack/app/packages/api-client/src/resources/access-groups.ts": {"lines":{"total":11,"covered":9,"skipped":0,"pct":81.81},"functions":{"total":7,"covered":6,"skipped":0,"pct":85.71},"statements":{"total":11,"covered":9,"skipped":0,"pct":81.81},"branches":{"total":0,"covered":0,"skipped":0,"pct":100}}
,"/home/oshki/Projects/restorio-fullstack/app/packages/api-client/src/resources/auth.ts": {"lines":{"total":14,"covered":0,"skipped":0,"pct":0},"functions":{"total":10,"covered":0,"skipped":0,"pct":0},"statements":{"total":14,"covered":0,"skipped":0,"pct":0},"branches":{"total":6,"covered":0,"skipped":0,"pct":0}}
,"/home/oshki/Projects/restorio-fullstack/app/packages/api-client/src/resources/base.ts": {"lines":{"total":1,"covered":1,"skipped":0,"pct":100},"functions":{"total":1,"covered":1,"skipped":0,"pct":100},"statements":{"total":1,"covered":1,"skipped":0,"pct":100},"branches":{"total":0,"covered":0,"skipped":0,"pct":100}}
,"/home/oshki/Projects/restorio-fullstack/app/packages/api-client/src/resources/floor-canvases.ts": {"lines":{"total":9,"covered":0,"skipped":0,"pct":0},"functions":{"total":5,"covered":0,"skipped":0,"pct":0},"statements":{"total":9,"covered":0,"skipped":0,"pct":0},"branches":{"total":0,"covered":0,"skipped":0,"pct":100}}
,"/home/oshki/Projects/restorio-fullstack/app/packages/api-client/src/resources/health.ts": {"lines":{"total":2,"covered":0,"skipped":0,"pct":0},"functions":{"total":1,"covered":0,"skipped":0,"pct":0},"statements":{"total":2,"covered":0,"skipped":0,"pct":0},"branches":{"total":0,"covered":0,"skipped":0,"pct":100}}
,"/home/oshki/Projects/restorio-fullstack/app/packages/api-client/src/resources/index.ts": {"lines":{"total":0,"covered":0,"skipped":0,"pct":100},"functions":{"total":0,"covered":0,"skipped":0,"pct":100},"statements":{"total":0,"covered":0,"skipped":0,"pct":100},"branches":{"total":0,"covered":0,"skipped":0,"pct":100}}
,"/home/oshki/Projects/restorio-fullstack/app/packages/api-client/src/resources/menus.ts": {"lines":{"total":14,"covered":0,"skipped":0,"pct":0},"functions":{"total":5,"covered":0,"skipped":0,"pct":0},"statements":{"total":14,"covered":0,"skipped":0,"pct":0},"branches":{"total":2,"covered":0,"skipped":0,"pct":0}}
,"/home/oshki/Projects/restorio-fullstack/app/packages/api-client/src/resources/orders.ts": {"lines":{"total":18,"covered":0,"skipped":0,"pct":0},"functions":{"total":13,"covered":0,"skipped":0,"pct":0},"statements":{"total":18,"covered":0,"skipped":0,"pct":0},"branches":{"total":4,"covered":0,"skipped":0,"pct":0}}
,"/home/oshki/Projects/restorio-fullstack/app/packages/api-client/src/resources/payments.ts": {"lines":{"total":5,"covered":0,"skipped":0,"pct":0},"functions":{"total":4,"covered":0,"skipped":0,"pct":0},"statements":{"total":5,"covered":0,"skipped":0,"pct":0},"branches":{"total":2,"covered":0,"skipped":0,"pct":0}}
,"/home/oshki/Projects/restorio-fullstack/app/packages/api-client/src/resources/public.ts": {"lines":{"total":16,"covered":0,"skipped":0,"pct":0},"functions":{"total":8,"covered":0,"skipped":0,"pct":0},"statements":{"total":16,"covered":0,"skipped":0,"pct":0},"branches":{"total":0,"covered":0,"skipped":0,"pct":100}}
,"/home/oshki/Projects/restorio-fullstack/app/packages/api-client/src/resources/restaurants.ts": {"lines":{"total":5,"covered":0,"skipped":0,"pct":0},"functions":{"total":5,"covered":0,"skipped":0,"pct":0},"statements":{"total":5,"covered":0,"skipped":0,"pct":0},"branches":{"total":0,"covered":0,"skipped":0,"pct":100}}
,"/home/oshki/Projects/restorio-fullstack/app/packages/api-client/src/resources/tables.ts": {"lines":{"total":4,"covered":0,"skipped":0,"pct":0},"functions":{"total":4,"covered":0,"skipped":0,"pct":0},"statements":{"total":4,"covered":0,"skipped":0,"pct":0},"branches":{"total":0,"covered":0,"skipped":0,"pct":100}}
,"/home/oshki/Projects/restorio-fullstack/app/packages/api-client/src/resources/tenant-mobile-config.ts": {"lines":{"total":14,"covered":0,"skipped":0,"pct":0},"functions":{"total":7,"covered":0,"skipped":0,"pct":0},"statements":{"total":14,"covered":0,"skipped":0,"pct":0},"branches":{"total":0,"covered":0,"skipped":0,"pct":100}}
,"/home/oshki/Projects/restorio-fullstack/app/packages/api-client/src/resources/tenant-orders.ts": {"lines":{"total":5,"covered":0,"skipped":0,"pct":0},"functions":{"total":3,"covered":0,"skipped":0,"pct":0},"statements":{"total":5,"covered":0,"skipped":0,"pct":0},"branches":{"total":0,"covered":0,"skipped":0,"pct":100}}
,"/home/oshki/Projects/restorio-fullstack/app/packages/api-client/src/resources/tenant-profiles.ts": {"lines":{"total":8,"covered":0,"skipped":0,"pct":0},"functions":{"total":4,"covered":0,"skipped":0,"pct":0},"statements":{"total":8,"covered":0,"skipped":0,"pct":0},"branches":{"total":0,"covered":0,"skipped":0,"pct":100}}
,"/home/oshki/Projects/restorio-fullstack/app/packages/api-client/src/resources/tenants.ts": {"lines":{"total":11,"covered":0,"skipped":0,"pct":0},"functions":{"total":6,"covered":0,"skipped":0,"pct":0},"statements":{"total":11,"covered":0,"skipped":0,"pct":0},"branches":{"total":0,"covered":0,"skipped":0,"pct":100}}
,"/home/oshki/Projects/restorio-fullstack/app/packages/api-client/src/resources/user.ts": {"lines":{"total":6,"covered":0,"skipped":0,"pct":0},"functions":{"total":4,"covered":0,"skipped":0,"pct":0},"statements":{"total":6,"covered":0,"skipped":0,"pct":0},"branches":{"total":0,"covered":0,"skipped":0,"pct":100}}
}
