{"total": {"lines":{"total":283,"covered":126,"skipped":0,"pct":44.52},"statements":{"total":290,"covered":128,"skipped":0,"pct":44.13},"functions":{"total":58,"covered":13,"skipped":0,"pct":22.41},"branches":{"total":209,"covered":67,"skipped":0,"pct":32.05},"branchesTrue":{"total":0,"covered":0,"skipped":0,"pct":100}}
,"/home/oshki/Projects/restorio-fullstack/app/packages/utils/src/index.ts": {"lines":{"total":0,"covered":0,"skipped":0,"pct":100},"functions":{"total":0,"covered":0,"skipped":0,"pct":100},"statements":{"total":0,"covered":0,"skipped":0,"pct":100},"branches":{"total":0,"covered":0,"skipped":0,"pct":100}}
,"/home/oshki/Projects/restorio-fullstack/app/packages/utils/src/logger.ts": {"lines":{"total":20,"covered":6,"skipped":0,"pct":30},"functions":{"total":5,"covered":0,"skipped":0,"pct":0},"statements":{"total":20,"covered":6,"skipped":0,"pct":30},"branches":{"total":14,"covered":0,"skipped":0,"pct":0}}
,"/home/oshki/Projects/restorio-fullstack/app/packages/utils/src/orderStatusLabelKey.ts": {"lines":{"total":3,"covered":2,"skipped":0,"pct":66.66},"functions":{"total":1,"covered":0,"skipped":0,"pct":0},"statements":{"total":3,"covered":2,"skipped":0,"pct":66.66},"branches":{"total":2,"covered":0,"skipped":0,"pct":0}}
,"/home/oshki/Projects/restorio-fullstack/app/packages/utils/src/environment/appUrls.ts": {"lines":{"total":73,"covered":67,"skipped":0,"pct":91.78},"functions":{"total":11,"covered":10,"skipped":0,"pct":90.9},"statements":{"total":74,"covered":68,"skipped":0,"pct":91.89},"branches":{"total":63,"covered":45,"skipped":0,"pct":71.42}}
,"/home/oshki/Projects/restorio-fullstack/app/packages/utils/src/environment/getEnvSource.ts": {"lines":{"total":2,"covered":1,"skipped":0,"pct":50},"functions":{"total":1,"covered":0,"skipped":0,"pct":0},"statements":{"total":2,"covered":1,"skipped":0,"pct":50},"branches":{"total":3,"covered":0,"skipped":0,"pct":0}}
,"/home/oshki/Projects/restorio-fullstack/app/packages/utils/src/environment/index.ts": {"lines":{"total":0,"covered":0,"skipped":0,"pct":100},"functions":{"total":0,"covered":0,"skipped":0,"pct":100},"statements":{"total":0,"covered":0,"skipped":0,"pct":100},"branches":{"total":0,"covered":0,"skipped":0,"pct":100}}
,"/home/oshki/Projects/restorio-fullstack/app/packages/utils/src/environment/resolveAuthenticatedAppRedirect.ts": {"lines":{"total":20,"covered":5,"skipped":0,"pct":25},"functions":{"total":4,"covered":0,"skipped":0,"pct":0},"statements":{"total":20,"covered":5,"skipped":0,"pct":25},"branches":{"total":14,"covered":0,"skipped":0,"pct":0}}
,"/home/oshki/Projects/restorio-fullstack/app/packages/utils/src/environment/resolveNextEnvVar.ts": {"lines":{"total":6,"covered":6,"skipped":0,"pct":100},"functions":{"total":1,"covered":1,"skipped":0,"pct":100},"statements":{"total":6,"covered":6,"skipped":0,"pct":100},"branches":{"total":4,"covered":4,"skipped":0,"pct":100}}
,"/home/oshki/Projects/restorio-fullstack/app/packages/utils/src/http/errors.ts": {"lines":{"total":40,"covered":5,"skipped":0,"pct":12.5},"functions":{"total":7,"covered":0,"skipped":0,"pct":0},"statements":{"total":41,"covered":5,"skipped":0,"pct":12.19},"branches":{"total":40,"covered":0,"skipped":0,"pct":0}}
,"/home/oshki/Projects/restorio-fullstack/app/packages/utils/src/http/index.ts": {"lines":{"total":0,"covered":0,"skipped":0,"pct":100},"functions":{"total":0,"covered":0,"skipped":0,"pct":100},"statements":{"total":0,"covered":0,"skipped":0,"pct":100},"branches":{"total":0,"covered":0,"skipped":0,"pct":100}}
,"/home/oshki/Projects/restorio-fullstack/app/packages/utils/src/i18n/index.ts": {"lines":{"total":0,"covered":0,"skipped":0,"pct":100},"functions":{"total":0,"covered":0,"skipped":0,"pct":100},"statements":{"total":0,"covered":0,"skipped":0,"pct":100},"branches":{"total":0,"covered":0,"skipped":0,"pct":100}}
,"/home/oshki/Projects/restorio-fullstack/app/packages/utils/src/i18n/resolveLocale.ts": {"lines":{"total":14,"covered":2,"skipped":0,"pct":14.28},"functions":{"total":2,"covered":0,"skipped":0,"pct":0},"statements":{"total":14,"covered":2,"skipped":0,"pct":14.28},"branches":{"total":13,"covered":0,"skipped":0,"pct":0}}
,"/home/oshki/Projects/restorio-fullstack/app/packages/utils/src/initialState/index.ts": {"lines":{"total":1,"covered":1,"skipped":0,"pct":100},"functions":{"total":1,"covered":1,"skipped":0,"pct":100},"statements":{"total":2,"covered":2,"skipped":0,"pct":100},"branches":{"total":0,"covered":0,"skipped":0,"pct":100}}
,"/home/oshki/Projects/restorio-fullstack/app/packages/utils/src/mocks/floor.ts": {"lines":{"total":8,"covered":3,"skipped":0,"pct":37.5},"functions":{"total":4,"covered":0,"skipped":0,"pct":0},"statements":{"total":10,"covered":3,"skipped":0,"pct":30},"branches":{"total":4,"covered":0,"skipped":0,"pct":0}}
,"/home/oshki/Projects/restorio-fullstack/app/packages/utils/src/storage/crossAppStorage.ts": {"lines":{"total":72,"covered":10,"skipped":0,"pct":13.88},"functions":{"total":13,"covered":0,"skipped":0,"pct":0},"statements":{"total":72,"covered":10,"skipped":0,"pct":13.88},"branches":{"total":32,"covered":0,"skipped":0,"pct":0}}
,"/home/oshki/Projects/restorio-fullstack/app/packages/utils/src/storage/index.ts": {"lines":{"total":0,"covered":0,"skipped":0,"pct":100},"functions":{"total":0,"covered":0,"skipped":0,"pct":100},"statements":{"total":0,"covered":0,"skipped":0,"pct":100},"branches":{"total":0,"covered":0,"skipped":0,"pct":100}}
,"/home/oshki/Projects/restorio-fullstack/app/packages/utils/src/storageKeys/index.ts": {"lines":{"total":12,"covered":12,"skipped":0,"pct":100},"functions":{"total":1,"covered":1,"skipped":0,"pct":100},"statements":{"total":12,"covered":12,"skipped":0,"pct":100},"branches":{"total":18,"covered":18,"skipped":0,"pct":100}}
,"/home/oshki/Projects/restorio-fullstack/app/packages/utils/src/validation/email.ts": {"lines":{"total":2,"covered":2,"skipped":0,"pct":100},"functions":{"total":1,"covered":0,"skipped":0,"pct":0},"statements":{"total":3,"covered":2,"skipped":0,"pct":66.66},"branches":{"total":2,"covered":0,"skipped":0,"pct":0}}
,"/home/oshki/Projects/restorio-fullstack/app/packages/utils/src/validation/index.ts": {"lines":{"total":0,"covered":0,"skipped":0,"pct":100},"functions":{"total":0,"covered":0,"skipped":0,"pct":100},"statements":{"total":0,"covered":0,"skipped":0,"pct":100},"branches":{"total":0,"covered":0,"skipped":0,"pct":100}}
,"/home/oshki/Projects/restorio-fullstack/app/packages/utils/src/validation/slug.ts": {"lines":{"total":8,"covered":3,"skipped":0,"pct":37.5},"functions":{"total":4,"covered":0,"skipped":0,"pct":0},"statements":{"total":8,"covered":3,"skipped":0,"pct":37.5},"branches":{"total":0,"covered":0,"skipped":0,"pct":100}}
,"/home/oshki/Projects/restorio-fullstack/app/packages/utils/src/validation/string.ts": {"lines":{"total":2,"covered":1,"skipped":0,"pct":50},"functions":{"total":2,"covered":0,"skipped":0,"pct":0},"statements":{"total":3,"covered":1,"skipped":0,"pct":33.33},"branches":{"total":0,"covered":0,"skipped":0,"pct":100}}
}
